<?xml version="1.0" encoding="utf-8"?>
<?xml-stylesheet type="text/xsl" href="../assets/xml/rss.xsl" media="all"?><rss version="2.0" xmlns:dc="http://purl.org/dc/elements/1.1/" xmlns:atom="http://www.w3.org/2005/Atom"><channel><title>Lacking Natural Simplicity (Posts about test drive)</title><link>https://tkurtbond.github.io/</link><description></description><atom:link href="https://tkurtbond.github.io/categories/test-drive.xml" rel="self" type="application/rss+xml"></atom:link><language>en</language><copyright>Contents Â© 2023 &lt;a href="mailto:tkurtbond@gmail.com"&gt;T. Kurt Bond&lt;/a&gt; </copyright><lastBuildDate>Sun, 19 Feb 2023 19:01:24 GMT</lastBuildDate><generator>Nikola (getnikola.com)</generator><docs>http://blogs.law.harvard.edu/tech/rss</docs><item><title>Savage Worlds Test Drive V6</title><link>https://tkurtbond.github.io/posts/2008/07/08/savage-worlds-test-drive-v6/</link><dc:creator>T. Kurt Bond</dc:creator><description>&lt;p&gt;&lt;a class="reference external" href="http://www.peginc.com/Downloads/SWEX/TD06.pdf"&gt;Version 6&lt;/a&gt; of the &lt;em&gt;Savage Worlds Test Drive&lt;/em&gt; has everything you need
to learn how to play &lt;em&gt;Savage Worlds&lt;/em&gt; in 13 colorful pages (not
counting the front and back covers, but counting the full-sized
character sheet.)&lt;/p&gt;</description><category>rpg</category><category>savage worlds</category><category>test drive</category><guid>https://tkurtbond.github.io/posts/2008/07/08/savage-worlds-test-drive-v6/</guid><pubDate>Wed, 09 Jul 2008 00:31:26 GMT</pubDate></item></channel></rss>